19/12/27 15:08:48 INFO Executor: Finished task 0.0 in stage 0.0 (TID 0). 11475 bytes result sent to driver
19/12/27 15:08:48 INFO TaskSetManager: Finished task 0.0 in stage 0.0 (TID 0) in 365 ms on localhost (executor driver) (1/1)
19/12/27 15:08:48 INFO TaskSchedulerImpl: Removed TaskSet 0.0, whose tasks have all completed, from pool 
19/12/27 15:08:48 INFO DAGScheduler: ResultStage 0 (take at JsonReader.scala:28) finished in 0.430 s
19/12/27 15:08:48 INFO DAGScheduler: Job 0 finished: take at JsonReader.scala:28, took 0.518397 s
Wine(0,Italy,87,Nicosia 2013 Vulkà Bianco  (Etna),White Blend,Nicosia)
Wine(1,Portugal,87,Quinta dos Avidagos 2011 Avidagos Red (Douro),Portuguese Red,Quinta dos Avidagos)
Wine(2,US,87,Rainstorm 2013 Pinot Gris (Willamette Valley),Pinot Gris,Rainstorm)
Wine(3,US,87,St. Julian 2013 Reserve Late Harvest Riesling (Lake Michigan Shore),Riesling,St. Julian)
Wine(4,US,87,Sweet Cheeks 2012 Vintner's Reserve Wild Child Block Pinot Noir (Willamette Valley),Pinot Noir,Sweet Cheeks)
Wine(5,Spain,87,Tandem 2011 Ars In Vitro Tempranillo-Merlot (Navarra),Tempranillo-Merlot,Tandem)
Wine(6,Italy,87,Terre di Giurfo 2013 Belsito Frappato (Vittoria),Frappato,Terre di Giurfo)
Wine(7,France,87,Trimbach 2012 Gewurztraminer (Alsace),Gewürztraminer,Trimbach)
Wine(8,Germany,87,Heinz Eifel 2013 Shine Gewürztraminer (Rheinhessen),Gewürztraminer,Heinz Eifel)
Wine(9,France,87,Jean-Baptiste Adam 2012 Les Natures Pinot Gris (Alsace),Pinot Gris,Jean-Baptiste Adam)
Wine(10,US,87,Kirkland Signature 2011 Mountain Cuvée Cabernet Sauvignon (Napa Valley),Cabernet Sauvignon,Kirkland Signature)
Wine(11,France,87,Leon Beyer 2012 Gewurztraminer (Alsace),Gewürztraminer,Leon Beyer)
Wine(12,US,87,Louis M. Martini 2012 Cabernet Sauvignon (Alexander Valley),Cabernet Sauvignon,Louis M. Martini)
Wine(13,Italy,87,Masseria Setteporte 2012 Rosso  (Etna),Nerello Mascalese,Masseria Setteporte)
Wine(14,US,87,Mirassou 2012 Chardonnay (Central Coast),Chardonnay,Mirassou)
Wine(15,Germany,87,Richard Böcking 2013 Devon Riesling (Mosel),Riesling,Richard Böcking)
Wine(16,Argentina,87,Felix Lavaque 2010 Felix Malbec (Cafayate),Malbec,Felix Lavaque)
Wine(17,Argentina,87,Gaucho Andino 2011 Winemaker Selection Malbec (Mendoza),Malbec,Gaucho Andino)
Wine(18,Spain,87,Pradorey 2010 Vendimia Seleccionada Finca Valdelayegua Single Vineyard Crianza  (Ribera del Duero),Tempranillo Blend,Pradorey)
Wine(19,US,87,Quiévremont 2012 Meritage (Virginia),Meritage,Quiévremont)
Wine(20,US,87,Quiévremont 2012 Vin de Maison Red (Virginia),Red Blend,Quiévremont)
Wine(21,US,87,Acrobat 2013 Pinot Noir (Oregon),Pinot Noir,Acrobat)
Wine(22,Italy,87,Baglio di Pianetto 2007 Ficiligno White (Sicilia),White Blend,Baglio di Pianetto)
Wine(23,US,87,Bianchi 2011 Signature Selection Merlot (Paso Robles),Merlot,Bianchi)
Wine(24,Italy,87,Canicattì 2009 Aynat Nero d'Avola (Sicilia),Nero d'Avola,Canicattì)
Wine(25,US,87,Castello di Amorosa 2011 King Ridge Vineyard Pinot Noir (Sonoma Coast),Pinot Noir,Castello di Amorosa)
Wine(26,Italy,87,Stemmari 2013 Dalila White (Terre Siciliane),White Blend,Stemmari)
Wine(27,Italy,87,Stemmari 2013 Nero d'Avola (Terre Siciliane),Nero d'Avola,Stemmari)
Wine(28,Italy,87,Terre di Giurfo 2011 Mascaria Barricato  (Cerasuolo di Vittoria),Red Blend,Terre di Giurfo)
Wine(29,US,86,Clarksburg Wine Company 2010 Chenin Blanc (Clarksburg),Chenin Blanc,Clarksburg Wine Company)
Wine(30,France,86,Domaine de la Madone 2012 Nouveau  (Beaujolais-Villages),Gamay,Domaine de la Madone)
Wine(31,Italy,86,Duca di Salaparuta 2010 Calanìca Nero d'Avola-Merlot Red (Sicilia),Red Blend,Duca di Salaparuta)
Wine(32,Italy,86,Duca di Salaparuta 2011 Calanìca Grillo-Viognier White (Sicilia),White Blend,Duca di Salaparuta)
Wine(33,US,86,Envolve 2010 Puma Springs Vineyard Red (Dry Creek Valley),Red Blend,Envolve)
Wine(34,US,86,Envolve 2011 Sauvignon Blanc (Sonoma Valley),Sauvignon Blanc,Envolve)
Wine(35,US,86,Erath 2010 Hyland Pinot Noir (McMinnville),Pinot Noir,Erath)
Wine(36,Chile,86,Estampa 2011 Estate Viognier-Chardonnay (Colchagua Valley),Viognier-Chardonnay,Estampa)
Wine(37,Italy,86,Feudi del Pisciotto 2010 Missoni Cabernet Sauvignon (Sicilia),Cabernet Sauvignon,Feudi del Pisciotto)
Wine(38,Italy,86,Feudi di San Marzano 2011 I Tratturi Primitivo (Puglia),Primitivo,Feudi di San Marzano)
Wine(39,Italy,86,Feudo di Santa Tresa 2011 Purato Made With Organic Grapes Nero d'Avola (Sicilia),Nero d'Avola,Feudo di Santa Tresa)
Wine(40,Italy,86,Feudo Montoni 2011 Catarratto (Sicilia),Catarratto,Feudo Montoni)
Wine(41,US,86,Hawkins Cellars 2009 Pinot Noir (Willamette Valley),Pinot Noir,Hawkins Cellars)
Wine(42,France,86,Henry Fessy 2012 Nouveau  (Beaujolais),Gamay,Henry Fessy)
Wine(43,US,86,Robert Hall 2011 Sauvignon Blanc (Paso Robles),Sauvignon Blanc,Robert Hall)
Wine(44,Chile,86,Sundance 2011 Merlot (Maule Valley),Merlot,Sundance)
Wine(45,US,86,Tarara 2010 #SocialSecret Red (Virginia),Red Blend,Tarara)
Wine(46,Italy,86,Tasca d'Almerita 2011 Sallier de la Tour Inzolia (Sicilia),Inzolia,Tasca d'Almerita)
Wine(47,US,86,The White Knight 2011 Riesling (Lake County),Riesling,The White Knight)
Wine(48,US,86,Trump 2011 Sauvignon Blanc (Monticello),Sauvignon Blanc,Trump)
Wine(49,France,86,Vignerons de Bel Air 2011 Eté Indien  (Brouilly),Gamay,Vignerons de Bel Air)
Wine(50,Italy,86,Viticultori Associati Canicatti 2008 Scialo Red (Sicilia),Red Blend,Viticultori Associati Canicatti)
Wine(51,Chile,85,Casa Silva 2008 Gran Reserva Petit Verdot (Colchagua Valley),Petit Verdot,Casa Silva)
Wine(52,Italy,85,Cantine di Dolianova 2010 Dolia  (Monica di Sardegna),Monica,Cantine di Dolianova)
Wine(53,France,85,Château de Sours 2011 La Fleur d'Amélie  (Bordeaux Blanc),Bordeaux-style White Blend,Château de Sours)
Wine(54,Italy,85,Corvo 2010 Rosso Red (Sicilia),Red Blend,Corvo)
Wine(55,US,85,RustRidge 2010 Estate Bottled Chardonnay (Napa Valley),Chardonnay,RustRidge)
Wine(56,US,85,Souverain 2010 Chardonnay (North Coast),Chardonnay,Souverain)
Wine(57,Italy,85,Tasca d'Almerita 2011 Sallier de la Tour Grillo (Sicilia),Grillo,Tasca d'Almerita)
Wine(58,Chile,85,Tres Palacios 2011 Reserve Pinot Noir (Maipo Valley),Pinot Noir,Tres Palacios)
Wine(59,US,86,Mellisoni 2014 Malbec (Columbia Valley (WA)),Malbec,Mellisoni)
Wine(60,US,86,Okapi 2013 Estate Cabernet Sauvignon (Napa Valley),Cabernet Sauvignon,Okapi)
Wine(61,Italy,86,Podere dal Nespoli 2015 Prugneto Sangiovese (Romagna),Sangiovese,Podere dal Nespoli)
Wine(62,US,86,Ram 2014 Alder Ridge Vineyard Cabernet Franc (Columbia Valley (WA)),Cabernet Franc,Ram)
Wine(63,France,86,Roland Champion NV Brut Rosé  (Champagne),Champagne Blend,Roland Champion)
Wine(64,US,86,Sevtap 2015 Golden Horn Sauvignon Blanc (Santa Ynez Valley),Sauvignon Blanc,Sevtap)
Wine(65,France,86,Simonnet-Febvre 2015  Chablis,Chardonnay,Simonnet-Febvre)
Wine(66,France,86,Vignerons des Terres Secrètes 2015  Mâcon-Milly Lamartine,Chardonnay,Vignerons des Terres Secrètes)
Wine(67,US,86,Basel Cellars 2013 Inspired Red (Columbia Valley (WA)),Bordeaux-style Red Blend,Basel Cellars)
Wine(68,US,86,Cocobon 2014 Red (California),Red Blend,Cocobon)
Wine(69,France,86,Collet NV Brut Rosé  (Champagne),Champagne Blend,Collet)
Wine(70,US,86,Drumheller 2014 Chardonnay (Columbia Valley (WA)),Chardonnay,Drumheller)
Wine(71,US,86,Eco Terreno 2013 Old Vine Cabernet Sauvignon (Alexander Valley),Cabernet Sauvignon,Eco Terreno)
Wine(72,Italy,86,Grifalco 2013 Daginestra  (Aglianico del Vulture),Aglianico,Grifalco)
Wine(73,US,86,Hindsight 2013 Bella Vetta Vineyard Cabernet Sauvignon (Howell Mountain),Cabernet Sauvignon,Hindsight)
Wine(74,US,86,Hindsight 2012 Estate Grown Petite Sirah (Calistoga),Petite Sirah,Hindsight)
Wine(75,US,86,Mulvane Wine Co. 2013 The Cypher Red (Napa Valley),Bordeaux-style Red Blend,Mulvane Wine Co.)
Wine(76,Germany,86,Schmitt Söhne 2015 Riesling (Rheinhessen),Riesling,Schmitt Söhne)
Wine(77,Australia,86,Yalumba 2016 Made With Organic Grapes Chardonnay (South Australia),Chardonnay,Yalumba)
Wine(78,US,86,Z'IVO 2015 Rosé of Pinot Noir (Eola-Amity Hills),Pinot Noir,Z'IVO)
Wine(79,Portugal,86,Adega Cooperativa do Cartaxo 2014 Bridão Touriga Nacional (Tejo),Touriga Nacional,Adega Cooperativa do Cartaxo)
Wine(80,Chile,86,Aresti 2014 Special Release Reserva Carmenère (Rapel Valley),Carmenère,Aresti)
Wine(81,Spain,86,Spyro 2014 Albariño (Rías Baixas),Albariño,Spyro)
Wine(82,France,86,Lionel Osmin & Cie 2016 La Réserve Petit Manseng (Vin de France),Petit Manseng,Lionel Osmin & Cie)
Wine(83,Australia,86,Mitolo 2016 Jester Sangiovese Rosé (McLaren Vale),Rosé,Mitolo)
Wine(84,US,86,Napa Cellars 2014 Classic Zinfandel (Napa Valley),Zinfandel,Napa Cellars)
Wine(85,Germany,86,P.J. Valckenberg 2015 Undone Dry Riesling (Rheinhessen),Riesling,P.J. Valckenberg)
Wine(86,US,86,Palencia 2016 Albariño (Ancient Lakes),Albariño,Palencia)
Wine(87,US,86,Passaggio 2014 Blau Vineyards Merlot (Knights Valley),Merlot,Passaggio)
Wine(88,Italy,86,Poggio Alloro 2014 Le Mandorle Riserva  (Vernaccia di San Gimignano),Vernaccia,Poggio Alloro)
Wine(89,Italy,88,Fattoria Sardi 2015 Rosato (Toscana),Rosato,Fattoria Sardi)
Wine(90,US,88,Ferrari-Carano 2014 Siena Red (Sonoma County),Red Blend,Ferrari-Carano)
Wine(91,US,88,Folie à Deux 2015 Pinot Gris (Sonoma Coast),Pinot Gris,Folie à Deux)
Wine(92,US,88,Franciscan 2013 Magnificat Meritage (Napa Valley),Meritage,Franciscan)
Wine(93,Austria,88,Fuchs 2015 Grüner Veltliner (Burgenland),Grüner Veltliner,Fuchs)
Wine(94,US,88,Gård 2014 Grand Klasse Reserve Lawrence Vineyards Viognier (Columbia Valley (WA)),Viognier,Gård)
Wine(95,France,88,Henry Fessy 2015  Juliénas,Gamay,Henry Fessy)
Wine(96,France,88,Henry Fessy 2015  Régnié,Gamay,Henry Fessy)
Wine(97,US,88,Heron Hill 2015 Ingle Vineyard Riesling (Finger Lakes),Riesling,Heron Hill)
Wine(98,Italy,88,Serpaia di Endrizzi 2010 Dono Riserva  (Morellino di Scansano),Sangiovese,Serpaia di Endrizzi)
Wine(99,US,88,Soquel Vineyards 2013 Intreccio Library Selection Red (Napa Valley),Bordeaux-style Red Blend,Soquel Vineyards)
19/12/27 15:08:48 INFO SparkContext: Invoking stop() from shutdown hook
19/12/27 15:08:48 INFO AbstractConnector: Stopped Spark@33337261{HTTP/1.1,[http/1.1]}{0.0.0.0:4045}
19/12/27 15:08:48 INFO SparkUI: Stopped Spark web UI at http://test-en-0001:4045
19/12/27 15:08:50 INFO MapOutputTrackerMasterEndpoint: MapOutputTrackerMasterEndpoint stopped!
19/12/27 15:08:50 INFO MemoryStore: MemoryStore cleared
19/12/27 15:08:50 INFO BlockManager: BlockManager stopped
19/12/27 15:08:50 INFO BlockManagerMaster: BlockManagerMaster stopped
19/12/27 15:08:50 INFO OutputCommitCoordinator$OutputCommitCoordinatorEndpoint: OutputCommitCoordinator stopped!
19/12/27 15:08:50 INFO SparkContext: Successfully stopped SparkContext
19/12/27 15:08:50 INFO ShutdownHookManager: Shutdown hook called
19/12/27 15:08:50 INFO ShutdownHookManager: Deleting directory /tmp/spark-6ded3701-7259-44b7-9d58-dafa80bdb1e0
19/12/27 15:08:50 INFO ShutdownHookManager: Deleting directory /tmp/spark-ccf35fbd-c172-4c7d-9425-8f3e7c850b61
